<?xml version="1.0" encoding="UTF-8"?>
<testsuite name="Scenario: New Package creation" time="0.025" tests="37" errors="2" skipped="11" failures="2">
  <properties>
[...]
</properties>
  <testcase name="Given Open browser and load application" classname="Scenario: Test login with valid credentials" time="0.001"/>
  <testcase name="And Click on login link button and then click on grantor account" classname="Scenario: Test login with valid credentials" time="0"/>
  <testcase name="When enter valid username and valid password and Click on login button" classname="Scenario: Test login with valid credentials" time="0"/>
  <testcase name="Then Verify that user Loged-In successfully and should be on on Grantor section." classname="Scenario: Test login with valid credentials" time="0"/>
  <testcase name="Then Hover on Grantor tab and Validate Manage Application Template link" classname="Scenario: Test login with valid credentials" time="0"/>
  <testcase name="Scenario: Test login with valid credentials" classname="Scenario: Test login with valid credentials" time="0.001"/>
  <testcase name="Given Click on Manage Application Package Template link" classname="Scenario: To create the application template" time="0"/>
  <testcase name="And Verify that user is on MANAGE APPLICATION PACKAGE TEMPLATES page." classname="Scenario: To create the application template" time="0"/>
  <testcase name="When Click Create on Create New Template button." classname="Scenario: To create the application template" time="0"/>
  <testcase name="And Select Form Family and Click Next Button." classname="Scenario: To create the application template" time="0"/>
  <testcase name="And Click on Add/Modify template form then Select optional forms and Click on Save button" classname="Scenario: To create the application template" time="0"/>
  <testcase name="And Enter Template name and Click Save button" classname="Scenario: To create the application template" time="0.005">
    <error message="stale element reference: element is not attached to the page document&#10;  (Session info: chrome=60.0.3112.90)&#10;  (Driver info: chromedriver=2.30.477700 (0057494ad8732195794a7b32078424f92a5fce41),platform=Windows NT 10.0.10240 x86_64) (WARNING: The server did not provide any stacktrace information)&#10;Command duration or timeout: 16 milliseconds&#10;For documentation on this error, please visit: http://seleniumhq.org/exceptions/stale_element_reference.html&#10;Build info: version: &apos;3.4.0&apos;, revision: &apos;unknown&apos;, time: &apos;unknown&apos;&#10;System info: host: &apos;360NDCPC072&apos;, ip: &apos;192.168.8.18&apos;, os.name: &apos;Windows 10&apos;, os.arch: &apos;amd64&apos;, os.version: &apos;10.0&apos;, java.version: &apos;1.8.0_111&apos;&#10;Driver info: org.openqa.selenium.chrome.ChromeDriver&#10;Capabilities [{applicationCacheEnabled=false, rotatable=false, mobileEmulationEnabled=false, networkConnectionEnabled=false, chrome={chromedriverVersion=2.30.477700 (0057494ad8732195794a7b32078424f92a5fce41), userDataDir=C:\Users\RAJNEE~1\AppData\Local\Temp\scoped_dir6452_9531}, takesHeapSnapshot=true, pageLoadStrategy=normal, databaseEnabled=false, handlesAlerts=true, hasTouchScreen=false, version=60.0.3112.90, platform=XP, browserConnectionEnabled=false, nativeEvents=true, acceptSslCerts=true, locationContextEnabled=true, webStorageEnabled=true, browserName=chrome, takesScreenshot=true, javascriptEnabled=true, cssSelectorsEnabled=true, unexpectedAlertBehaviour=}]&#10;Session ID: 64cc0c85b4a7136efac66c109b88d1c7" type="org.openqa.selenium.StaleElementReferenceException">org.openqa.selenium.StaleElementReferenceException: stale element reference: element is not attached to the page document
  (Session info: chrome=60.0.3112.90)
  (Driver info: chromedriver=2.30.477700 (0057494ad8732195794a7b32078424f92a5fce41),platform=Windows NT 10.0.10240 x86_64) (WARNING: The server did not provide any stacktrace information)
Command duration or timeout: 16 milliseconds
For documentation on this error, please visit: http://seleniumhq.org/exceptions/stale_element_reference.html
Build info: version: '3.4.0', revision: 'unknown', time: 'unknown'
System info: host: '360NDCPC072', ip: '192.168.8.18', os.name: 'Windows 10', os.arch: 'amd64', os.version: '10.0', java.version: '1.8.0_111'
Driver info: org.openqa.selenium.chrome.ChromeDriver
Capabilities [{applicationCacheEnabled=false, rotatable=false, mobileEmulationEnabled=false, networkConnectionEnabled=false, chrome={chromedriverVersion=2.30.477700 (0057494ad8732195794a7b32078424f92a5fce41), userDataDir=C:\Users\RAJNEE~1\AppData\Local\Temp\scoped_dir6452_9531}, takesHeapSnapshot=true, pageLoadStrategy=normal, databaseEnabled=false, handlesAlerts=true, hasTouchScreen=false, version=60.0.3112.90, platform=XP, browserConnectionEnabled=false, nativeEvents=true, acceptSslCerts=true, locationContextEnabled=true, webStorageEnabled=true, browserName=chrome, takesScreenshot=true, javascriptEnabled=true, cssSelectorsEnabled=true, unexpectedAlertBehaviour=}]
Session ID: 64cc0c85b4a7136efac66c109b88d1c7
	at sun.reflect.NativeConstructorAccessorImpl.newInstance0(Native Method)
	at sun.reflect.NativeConstructorAccessorImpl.newInstance(NativeConstructorAccessorImpl.java:62)
	at sun.reflect.DelegatingConstructorAccessorImpl.newInstance(DelegatingConstructorAccessorImpl.java:45)
	at java.lang.reflect.Constructor.newInstance(Constructor.java:423)
	at org.openqa.selenium.remote.ErrorHandler.createThrowable(ErrorHandler.java:215)
	at org.openqa.selenium.remote.ErrorHandler.throwIfResponseFailed(ErrorHandler.java:167)
	at org.openqa.selenium.remote.RemoteWebDriver.execute(RemoteWebDriver.java:671)
	at org.openqa.selenium.remote.RemoteWebElement.execute(RemoteWebElement.java:272)
	at org.openqa.selenium.remote.RemoteWebElement.click(RemoteWebElement.java:82)
	at com.grants.util.DriverTestCase.clickOn(DriverTestCase.java:300)
	at com.grants.pagehelper.CreateTemplateHelper.enterTemplateNameClickSave(CreateTemplateHelper.java:86)
	at com.grants.stepDefination.CreateTemplate.enter_Template_name_and_Click_Save_button(CreateTemplate.java:88)
	at ✽.And Enter Template name and Click Save button(CreateTemplate.feature:22)
</error>
  </testcase>
  <testcase name="Scenario: To create the application template" classname="Scenario: To create the application template" time="0.012">
    <error message="stale element reference: element is not attached to the page document&#10;  (Session info: chrome=60.0.3112.90)&#10;  (Driver info: chromedriver=2.30.477700 (0057494ad8732195794a7b32078424f92a5fce41),platform=Windows NT 10.0.10240 x86_64) (WARNING: The server did not provide any stacktrace information)&#10;Command duration or timeout: 16 milliseconds&#10;For documentation on this error, please visit: http://seleniumhq.org/exceptions/stale_element_reference.html&#10;Build info: version: &apos;3.4.0&apos;, revision: &apos;unknown&apos;, time: &apos;unknown&apos;&#10;System info: host: &apos;360NDCPC072&apos;, ip: &apos;192.168.8.18&apos;, os.name: &apos;Windows 10&apos;, os.arch: &apos;amd64&apos;, os.version: &apos;10.0&apos;, java.version: &apos;1.8.0_111&apos;&#10;Driver info: org.openqa.selenium.chrome.ChromeDriver&#10;Capabilities [{applicationCacheEnabled=false, rotatable=false, mobileEmulationEnabled=false, networkConnectionEnabled=false, chrome={chromedriverVersion=2.30.477700 (0057494ad8732195794a7b32078424f92a5fce41), userDataDir=C:\Users\RAJNEE~1\AppData\Local\Temp\scoped_dir6452_9531}, takesHeapSnapshot=true, pageLoadStrategy=normal, databaseEnabled=false, handlesAlerts=true, hasTouchScreen=false, version=60.0.3112.90, platform=XP, browserConnectionEnabled=false, nativeEvents=true, acceptSslCerts=true, locationContextEnabled=true, webStorageEnabled=true, browserName=chrome, takesScreenshot=true, javascriptEnabled=true, cssSelectorsEnabled=true, unexpectedAlertBehaviour=}]&#10;Session ID: 64cc0c85b4a7136efac66c109b88d1c7" type="org.openqa.selenium.StaleElementReferenceException">org.openqa.selenium.StaleElementReferenceException: stale element reference: element is not attached to the page document
  (Session info: chrome=60.0.3112.90)
  (Driver info: chromedriver=2.30.477700 (0057494ad8732195794a7b32078424f92a5fce41),platform=Windows NT 10.0.10240 x86_64) (WARNING: The server did not provide any stacktrace information)
Command duration or timeout: 16 milliseconds
For documentation on this error, please visit: http://seleniumhq.org/exceptions/stale_element_reference.html
Build info: version: '3.4.0', revision: 'unknown', time: 'unknown'
System info: host: '360NDCPC072', ip: '192.168.8.18', os.name: 'Windows 10', os.arch: 'amd64', os.version: '10.0', java.version: '1.8.0_111'
Driver info: org.openqa.selenium.chrome.ChromeDriver
Capabilities [{applicationCacheEnabled=false, rotatable=false, mobileEmulationEnabled=false, networkConnectionEnabled=false, chrome={chromedriverVersion=2.30.477700 (0057494ad8732195794a7b32078424f92a5fce41), userDataDir=C:\Users\RAJNEE~1\AppData\Local\Temp\scoped_dir6452_9531}, takesHeapSnapshot=true, pageLoadStrategy=normal, databaseEnabled=false, handlesAlerts=true, hasTouchScreen=false, version=60.0.3112.90, platform=XP, browserConnectionEnabled=false, nativeEvents=true, acceptSslCerts=true, locationContextEnabled=true, webStorageEnabled=true, browserName=chrome, takesScreenshot=true, javascriptEnabled=true, cssSelectorsEnabled=true, unexpectedAlertBehaviour=}]
Session ID: 64cc0c85b4a7136efac66c109b88d1c7
	at sun.reflect.NativeConstructorAccessorImpl.newInstance0(Native Method)
	at sun.reflect.NativeConstructorAccessorImpl.newInstance(NativeConstructorAccessorImpl.java:62)
	at sun.reflect.DelegatingConstructorAccessorImpl.newInstance(DelegatingConstructorAccessorImpl.java:45)
	at java.lang.reflect.Constructor.newInstance(Constructor.java:423)
	at org.openqa.selenium.remote.ErrorHandler.createThrowable(ErrorHandler.java:215)
	at org.openqa.selenium.remote.ErrorHandler.throwIfResponseFailed(ErrorHandler.java:167)
	at org.openqa.selenium.remote.RemoteWebDriver.execute(RemoteWebDriver.java:671)
	at org.openqa.selenium.remote.RemoteWebElement.execute(RemoteWebElement.java:272)
	at org.openqa.selenium.remote.RemoteWebElement.click(RemoteWebElement.java:82)
	at com.grants.util.DriverTestCase.clickOn(DriverTestCase.java:300)
	at com.grants.pagehelper.CreateTemplateHelper.enterTemplateNameClickSave(CreateTemplateHelper.java:86)
	at com.grants.stepDefination.CreateTemplate.enter_Template_name_and_Click_Save_button(CreateTemplate.java:88)
	at ✽.And Enter Template name and Click Save button(CreateTemplate.feature:22)
</error>
  </testcase>
  <testcase name="Then Verify that User is able to create and appears in Application package template result table" classname="Scenario: To create the application template" time="0">
    <skipped/>
  </testcase>
  <testcase name="Then Verify that Template name is same as it was entered in the template name text field" classname="Scenario: To create the application template" time="0">
    <skipped/>
  </testcase>
  <testcase name="Given Login and Navigate to Grantors Tab" classname="Scenario: To create the opportunity" time="0"/>
  <testcase name="And Hover Grantors tab and Click on Manage Opportunities link under Grants Opportunities section" classname="Scenario: To create the opportunity" time="0"/>
  <testcase name="Then Verify that User is on MANAGE OPPORTUNITIES page" classname="Scenario: To create the opportunity" time="0"/>
  <testcase name="Then Click Create on Create New Opportunity button" classname="Scenario: To create the opportunity" time="0"/>
  <testcase name="And Enter Opportunity Number Title Category Category Explanation CFDA Number(s)" classname="Scenario: To create the opportunity" time="0"/>
  <testcase name="And Select Opportunity Component as package and Click Next button." classname="Scenario: To create the opportunity" time="0"/>
  <testcase name="Then Verify that User is on NEW PACKAGE CREATION page." classname="Scenario: To create the opportunity" time="0"/>
  <testcase name="Scenario: To create the opportunity" classname="Scenario: To create the opportunity" time="0.001"/>
  <testcase name="Given Fill the details in NEW PACKAGE CREATION form" classname="Scenario: New Package creation" time="0"/>
  <testcase name="Then Click on Select Package Template under Form Package" classname="Scenario: New Package creation" time="0"/>
  <testcase name="And Enter Template Name and click search button" classname="Scenario: New Package creation" time="0"/>
  <testcase name="Then Select template from search result table" classname="Scenario: New Package creation" time="0.002">
    <failure message="Element Locator ://span[@class=&apos;ui-radiobutton-icon ui-icon ui-icon-blank&apos;] Not found expected [true] but found [false]" type="java.lang.AssertionError">java.lang.AssertionError: Element Locator ://span[@class='ui-radiobutton-icon ui-icon ui-icon-blank'] Not found expected [true] but found [false]
	at org.testng.Assert.fail(Assert.java:94)
	at org.testng.Assert.failNotEquals(Assert.java:494)
	at org.testng.Assert.assertTrue(Assert.java:42)
	at com.grants.util.DriverTestCase.clickOn(DriverTestCase.java:298)
	at com.grants.pagehelper.CreateOpportunityHelper.selectTemplateFromSearchResultTable(CreateOpportunityHelper.java:112)
	at com.grants.stepDefination.CreateOpportunity.select_template_from_search_result_table(CreateOpportunity.java:80)
	at ✽.Then Select template from search result table(Createopportunity.feature:18)
</failure>
  </testcase>
  <testcase name="Scenario: New Package creation" classname="Scenario: New Package creation" time="0.003">
    <failure message="Element Locator ://span[@class=&apos;ui-radiobutton-icon ui-icon ui-icon-blank&apos;] Not found expected [true] but found [false]" type="java.lang.AssertionError">java.lang.AssertionError: Element Locator ://span[@class='ui-radiobutton-icon ui-icon ui-icon-blank'] Not found expected [true] but found [false]
	at org.testng.Assert.fail(Assert.java:94)
	at org.testng.Assert.failNotEquals(Assert.java:494)
	at org.testng.Assert.assertTrue(Assert.java:42)
	at com.grants.util.DriverTestCase.clickOn(DriverTestCase.java:298)
	at com.grants.pagehelper.CreateOpportunityHelper.selectTemplateFromSearchResultTable(CreateOpportunityHelper.java:112)
	at com.grants.stepDefination.CreateOpportunity.select_template_from_search_result_table(CreateOpportunity.java:80)
	at ✽.Then Select template from search result table(Createopportunity.feature:18)
</failure>
  </testcase>
  <testcase name="And Click Save button and Click on publish button" classname="Scenario: New Package creation" time="0">
    <skipped/>
  </testcase>
  <testcase name="Then Verify that User is on PACKAGE PUBLICATION VERIFICATION page" classname="Scenario: New Package creation" time="0">
    <skipped/>
  </testcase>
  <testcase name="And Validte Opportunity Number, Title, CFDA Number, CFDA Title, Competition ID, Competition Title" classname="Scenario: New Package creation" time="0">
    <skipped/>
  </testcase>
  <testcase name="And Validate Electronic Required, Expected Number of Applications, Application Size, Open Date, Close Date" classname="Scenario: New Package creation" time="0">
    <skipped/>
  </testcase>
  <testcase name="And Validate Grace Period, Agency Contact, Application Instructions, Available to" classname="Scenario: New Package creation" time="0">
    <skipped/>
  </testcase>
  <testcase name="Then Again Click on publish button to confirm" classname="Scenario: New Package creation" time="0">
    <skipped/>
  </testcase>
  <testcase name="And Verify That User is on PACKAGE PUBLICATION SUCCESS page able to publish package successfully with the message" classname="Scenario: New Package creation" time="0">
    <skipped/>
  </testcase>
  <testcase name="Then Click on Continue button" classname="Scenario: New Package creation" time="0">
    <skipped/>
  </testcase>
  <testcase name="And Verify that User is on MANAGE OPPORTUNITY page and validate opportunity number" classname="Scenario: New Package creation" time="0">
    <skipped/>
  </testcase>
</testsuite>