<?xml version="1.0" encoding="UTF-8" ?>
<testsuite tests="22" failures="0" name="com.grants.util.TestRunner" time="0.09" errors="4" skipped="18">
  <properties>
[...]
</properties>
  <testcase classname="Scenario: To create the opportunity" name="Given Login and Navigate to Grantors Tab" time="0.005">
    <error message="org/testng/Assert" type="java.lang.NoClassDefFoundError">java.lang.NoClassDefFoundError: org/testng/Assert
	at com.grants.util.DriverTestCase.clickOn(DriverTestCase.java:300)
	at com.grants.pagehelper.LoginHelper.clickOnLoginLink(LoginHelper.java:14)
	at com.grants.pagehelper.LoginHelper.loginAndValidate(LoginHelper.java:57)
	at com.grants.stepDefination.CreateOpportunity.Login_and_navigate_to_Grantors_Tab(CreateOpportunity.java:19)
	at ✽.Given Login and Navigate to Grantors Tab(Createopportunity.feature:5)
Caused by: java.lang.ClassNotFoundException: org.testng.Assert
	at java.net.URLClassLoader.findClass(Unknown Source)
	at java.lang.ClassLoader.loadClass(Unknown Source)
	at sun.misc.Launcher$AppClassLoader.loadClass(Unknown Source)
	at java.lang.ClassLoader.loadClass(Unknown Source)
	at com.grants.util.DriverTestCase.clickOn(DriverTestCase.java:300)
	at com.grants.pagehelper.LoginHelper.clickOnLoginLink(LoginHelper.java:14)
	at com.grants.pagehelper.LoginHelper.loginAndValidate(LoginHelper.java:57)
	at com.grants.stepDefination.CreateOpportunity.Login_and_navigate_to_Grantors_Tab(CreateOpportunity.java:19)
	at sun.reflect.NativeMethodAccessorImpl.invoke0(Native Method)
	at sun.reflect.NativeMethodAccessorImpl.invoke(Unknown Source)
	at sun.reflect.DelegatingMethodAccessorImpl.invoke(Unknown Source)
	at java.lang.reflect.Method.invoke(Unknown Source)
	at cucumber.runtime.Utils$1.call(Utils.java:37)
	at cucumber.runtime.Timeout.timeout(Timeout.java:13)
	at cucumber.runtime.Utils.invoke(Utils.java:31)
	at cucumber.runtime.java.JavaStepDefinition.execute(JavaStepDefinition.java:37)
	at cucumber.runtime.StepDefinitionMatch.runStep(StepDefinitionMatch.java:37)
	at cucumber.runtime.Runtime.runStep(Runtime.java:298)
	at cucumber.runtime.model.StepContainer.runStep(StepContainer.java:44)
	at cucumber.runtime.model.StepContainer.runSteps(StepContainer.java:39)
	at cucumber.runtime.model.CucumberScenario.run(CucumberScenario.java:48)
	at cucumber.runtime.junit.ExecutionUnitRunner.run(ExecutionUnitRunner.java:91)
	at cucumber.runtime.junit.FeatureRunner.runChild(FeatureRunner.java:63)
	at cucumber.runtime.junit.FeatureRunner.runChild(FeatureRunner.java:18)
	at org.junit.runners.ParentRunner$3.run(ParentRunner.java:238)
	at org.junit.runners.ParentRunner$1.schedule(ParentRunner.java:63)
	at org.junit.runners.ParentRunner.runChildren(ParentRunner.java:236)
	at org.junit.runners.ParentRunner.access$000(ParentRunner.java:53)
	at org.junit.runners.ParentRunner$2.evaluate(ParentRunner.java:229)
	at org.junit.runners.ParentRunner.run(ParentRunner.java:309)
	at cucumber.runtime.junit.FeatureRunner.run(FeatureRunner.java:70)
	at cucumber.api.junit.Cucumber.runChild(Cucumber.java:93)
	at cucumber.api.junit.Cucumber.runChild(Cucumber.java:37)
	at org.junit.runners.ParentRunner$3.run(ParentRunner.java:238)
	at org.junit.runners.ParentRunner$1.schedule(ParentRunner.java:63)
	at org.junit.runners.ParentRunner.runChildren(ParentRunner.java:236)
	at org.junit.runners.ParentRunner.access$000(ParentRunner.java:53)
	at org.junit.runners.ParentRunner$2.evaluate(ParentRunner.java:229)
	at org.junit.runners.ParentRunner.run(ParentRunner.java:309)
	at cucumber.api.junit.Cucumber.run(Cucumber.java:98)
	at org.apache.maven.surefire.junit4.JUnit4Provider.execute(JUnit4Provider.java:252)
	at org.apache.maven.surefire.junit4.JUnit4Provider.executeTestSet(JUnit4Provider.java:141)
	at org.apache.maven.surefire.junit4.JUnit4Provider.invoke(JUnit4Provider.java:112)
	at sun.reflect.NativeMethodAccessorImpl.invoke0(Native Method)
	at sun.reflect.NativeMethodAccessorImpl.invoke(Unknown Source)
	at sun.reflect.DelegatingMethodAccessorImpl.invoke(Unknown Source)
	at java.lang.reflect.Method.invoke(Unknown Source)
	at org.apache.maven.surefire.util.ReflectionUtils.invokeMethodWithArray(ReflectionUtils.java:189)
	at org.apache.maven.surefire.booter.ProviderFactory$ProviderProxy.invoke(ProviderFactory.java:165)
	at org.apache.maven.surefire.booter.ProviderFactory.invokeProvider(ProviderFactory.java:85)
	at org.apache.maven.surefire.booter.ForkedBooter.runSuitesInProcess(ForkedBooter.java:115)
	at org.apache.maven.surefire.booter.ForkedBooter.main(ForkedBooter.java:75)
</error>
    <system-out>the browser type is:Chrome
</system-out>
    <system-err>Starting ChromeDriver 2.30.477700 (0057494ad8732195794a7b32078424f92a5fce41) on port 7060
Only local connections are allowed.
Aug 10, 2017 12:00:11 PM org.openqa.selenium.remote.ProtocolHandshake createSession
INFO: Detected dialect: OSS
</system-err>
  </testcase>
  <testcase classname="Scenario: To create the opportunity" name="Scenario: To create the opportunity" time="0.006">
    <error message="org/testng/Assert" type="java.lang.NoClassDefFoundError">java.lang.NoClassDefFoundError: org/testng/Assert
	at com.grants.util.DriverTestCase.clickOn(DriverTestCase.java:300)
	at com.grants.pagehelper.LoginHelper.clickOnLoginLink(LoginHelper.java:14)
	at com.grants.pagehelper.LoginHelper.loginAndValidate(LoginHelper.java:57)
	at com.grants.stepDefination.CreateOpportunity.Login_and_navigate_to_Grantors_Tab(CreateOpportunity.java:19)
	at ✽.Given Login and Navigate to Grantors Tab(Createopportunity.feature:5)
Caused by: java.lang.ClassNotFoundException: org.testng.Assert
	at java.net.URLClassLoader.findClass(Unknown Source)
	at java.lang.ClassLoader.loadClass(Unknown Source)
	at sun.misc.Launcher$AppClassLoader.loadClass(Unknown Source)
	at java.lang.ClassLoader.loadClass(Unknown Source)
	at com.grants.util.DriverTestCase.clickOn(DriverTestCase.java:300)
	at com.grants.pagehelper.LoginHelper.clickOnLoginLink(LoginHelper.java:14)
	at com.grants.pagehelper.LoginHelper.loginAndValidate(LoginHelper.java:57)
	at com.grants.stepDefination.CreateOpportunity.Login_and_navigate_to_Grantors_Tab(CreateOpportunity.java:19)
	at sun.reflect.NativeMethodAccessorImpl.invoke0(Native Method)
	at sun.reflect.NativeMethodAccessorImpl.invoke(Unknown Source)
	at sun.reflect.DelegatingMethodAccessorImpl.invoke(Unknown Source)
	at java.lang.reflect.Method.invoke(Unknown Source)
	at cucumber.runtime.Utils$1.call(Utils.java:37)
	at cucumber.runtime.Timeout.timeout(Timeout.java:13)
	at cucumber.runtime.Utils.invoke(Utils.java:31)
	at cucumber.runtime.java.JavaStepDefinition.execute(JavaStepDefinition.java:37)
	at cucumber.runtime.StepDefinitionMatch.runStep(StepDefinitionMatch.java:37)
	at cucumber.runtime.Runtime.runStep(Runtime.java:298)
	at cucumber.runtime.model.StepContainer.runStep(StepContainer.java:44)
	at cucumber.runtime.model.StepContainer.runSteps(StepContainer.java:39)
	at cucumber.runtime.model.CucumberScenario.run(CucumberScenario.java:48)
	at cucumber.runtime.junit.ExecutionUnitRunner.run(ExecutionUnitRunner.java:91)
	at cucumber.runtime.junit.FeatureRunner.runChild(FeatureRunner.java:63)
	at cucumber.runtime.junit.FeatureRunner.runChild(FeatureRunner.java:18)
	at org.junit.runners.ParentRunner$3.run(ParentRunner.java:238)
	at org.junit.runners.ParentRunner$1.schedule(ParentRunner.java:63)
	at org.junit.runners.ParentRunner.runChildren(ParentRunner.java:236)
	at org.junit.runners.ParentRunner.access$000(ParentRunner.java:53)
	at org.junit.runners.ParentRunner$2.evaluate(ParentRunner.java:229)
	at org.junit.runners.ParentRunner.run(ParentRunner.java:309)
	at cucumber.runtime.junit.FeatureRunner.run(FeatureRunner.java:70)
	at cucumber.api.junit.Cucumber.runChild(Cucumber.java:93)
	at cucumber.api.junit.Cucumber.runChild(Cucumber.java:37)
	at org.junit.runners.ParentRunner$3.run(ParentRunner.java:238)
	at org.junit.runners.ParentRunner$1.schedule(ParentRunner.java:63)
	at org.junit.runners.ParentRunner.runChildren(ParentRunner.java:236)
	at org.junit.runners.ParentRunner.access$000(ParentRunner.java:53)
	at org.junit.runners.ParentRunner$2.evaluate(ParentRunner.java:229)
	at org.junit.runners.ParentRunner.run(ParentRunner.java:309)
	at cucumber.api.junit.Cucumber.run(Cucumber.java:98)
	at org.apache.maven.surefire.junit4.JUnit4Provider.execute(JUnit4Provider.java:252)
	at org.apache.maven.surefire.junit4.JUnit4Provider.executeTestSet(JUnit4Provider.java:141)
	at org.apache.maven.surefire.junit4.JUnit4Provider.invoke(JUnit4Provider.java:112)
	at sun.reflect.NativeMethodAccessorImpl.invoke0(Native Method)
	at sun.reflect.NativeMethodAccessorImpl.invoke(Unknown Source)
	at sun.reflect.DelegatingMethodAccessorImpl.invoke(Unknown Source)
	at java.lang.reflect.Method.invoke(Unknown Source)
	at org.apache.maven.surefire.util.ReflectionUtils.invokeMethodWithArray(ReflectionUtils.java:189)
	at org.apache.maven.surefire.booter.ProviderFactory$ProviderProxy.invoke(ProviderFactory.java:165)
	at org.apache.maven.surefire.booter.ProviderFactory.invokeProvider(ProviderFactory.java:85)
	at org.apache.maven.surefire.booter.ForkedBooter.runSuitesInProcess(ForkedBooter.java:115)
	at org.apache.maven.surefire.booter.ForkedBooter.main(ForkedBooter.java:75)
</error>
  </testcase>
  <testcase classname="Scenario: To create the opportunity" name="And Hover Grantors tab and Click on Manage Opportunities link under Grants Opportunities section" time="0.006">
    <skipped/>
  </testcase>
  <testcase classname="Scenario: To create the opportunity" name="Then Verify that User is on MANAGE OPPORTUNITIES page" time="0.007">
    <skipped/>
  </testcase>
  <testcase classname="Scenario: To create the opportunity" name="Then Click Create on Create New Opportunity button" time="0.007">
    <skipped/>
  </testcase>
  <testcase classname="Scenario: To create the opportunity" name="And Enter Opportunity Number Title Category Category Explanation CFDA Number(s)" time="0.007">
    <skipped/>
  </testcase>
  <testcase classname="Scenario: To create the opportunity" name="And Select Opportunity Component as package and Click Next button." time="0.007">
    <skipped/>
  </testcase>
  <testcase classname="Scenario: To create the opportunity" name="Then Verify that User is on NEW PACKAGE CREATION page." time="0.007">
    <skipped/>
  </testcase>
  <testcase classname="Scenario: New Package creation" name="Given Fill the details in NEW PACKAGE CREATION form" time="0">
    <error message="org/testng/Assert" type="java.lang.NoClassDefFoundError">java.lang.NoClassDefFoundError: org/testng/Assert
	at com.grants.util.DriverTestCase.selectDropDown(DriverTestCase.java:331)
	at com.grants.pagehelper.CreateOpportunityHelper.fillNewPackageCreationForm(CreateOpportunityHelper.java:77)
	at com.grants.stepDefination.CreateOpportunity.fill_the_details_in_NEW_PACKAGE_CREATION_form(CreateOpportunity.java:62)
	at ✽.Given Fill the details in NEW PACKAGE CREATION form(Createopportunity.feature:15)
</error>
  </testcase>
  <testcase classname="Scenario: New Package creation" name="Scenario: New Package creation" time="0.001">
    <error message="org/testng/Assert" type="java.lang.NoClassDefFoundError">java.lang.NoClassDefFoundError: org/testng/Assert
	at com.grants.util.DriverTestCase.selectDropDown(DriverTestCase.java:331)
	at com.grants.pagehelper.CreateOpportunityHelper.fillNewPackageCreationForm(CreateOpportunityHelper.java:77)
	at com.grants.stepDefination.CreateOpportunity.fill_the_details_in_NEW_PACKAGE_CREATION_form(CreateOpportunity.java:62)
	at ✽.Given Fill the details in NEW PACKAGE CREATION form(Createopportunity.feature:15)
</error>
  </testcase>
  <testcase classname="Scenario: New Package creation" name="Then Click on Select Package Template under Form Package" time="0.001">
    <skipped/>
  </testcase>
  <testcase classname="Scenario: New Package creation" name="And Enter Template Name and click search button" time="0.001">
    <skipped/>
  </testcase>
  <testcase classname="Scenario: New Package creation" name="Then Select template from search result table" time="0.002">
    <skipped/>
  </testcase>
  <testcase classname="Scenario: New Package creation" name="And Click Save button and Click on publish button" time="0.002">
    <skipped/>
  </testcase>
  <testcase classname="Scenario: New Package creation" name="Then Verify that User is on PACKAGE PUBLICATION VERIFICATION page" time="0.002">
    <skipped/>
  </testcase>
  <testcase classname="Scenario: New Package creation" name="And Validte Opportunity Number, Title, CFDA Number, CFDA Title, Competition ID, Competition Title" time="0.003">
    <skipped/>
  </testcase>
  <testcase classname="Scenario: New Package creation" name="And Validate Electronic Required, Expected Number of Applications, Application Size, Open Date, Close Date" time="0.003">
    <skipped/>
  </testcase>
  <testcase classname="Scenario: New Package creation" name="And Validate Grace Period, Agency Contact, Application Instructions, Available to" time="0.004">
    <skipped/>
  </testcase>
  <testcase classname="Scenario: New Package creation" name="Then Again Click on publish button to confirm" time="0.004">
    <skipped/>
  </testcase>
  <testcase classname="Scenario: New Package creation" name="And Verify That User is on PACKAGE PUBLICATION SUCCESS page able to publish package successfully with the message" time="0.005">
    <skipped/>
  </testcase>
  <testcase classname="Scenario: New Package creation" name="Then Click on Continue button" time="0.005">
    <skipped/>
  </testcase>
  <testcase classname="Scenario: New Package creation" name="And Verify that User is on MANAGE OPPORTUNITY page and validate opportunity number" time="0.005">
    <skipped/>
  </testcase>
</testsuite>